#
# There is insufficient memory for the Java Runtime Environment to continue.
# Native memory allocation (malloc) failed to allocate 32744 bytes. Error detail: ChunkPool::allocate
# Possible reasons:
#   The system is out of physical RAM or swap space
#   This process is running with CompressedOops enabled, and the Java Heap may be blocking the growth of the native heap
# Possible solutions:
#   Reduce memory load on the system
#   Increase physical memory or swap space
#   Check if swap backing store is full
#   Decrease Java heap size (-Xmx/-Xms)
#   Decrease number of Java threads
#   Decrease Java thread stack sizes (-Xss)
#   Set larger code cache with -XX:ReservedCodeCacheSize=
#   JVM is running with Unscaled Compressed Oops mode in which the Java heap is
#     placed in the first 4GB address space. The Java Heap base address is the
#     maximum limit for the native heap growth. Please use -XX:HeapBaseMinAddress
#     to set the Java Heap base and to place the Java Heap above 4GB virtual address.
# This output file may be truncated or incomplete.
#
#  Out of Memory Error (arena.cpp:79), pid=18096, tid=17028
#
# JRE version: OpenJDK Runtime Environment Temurin-17.0.15+6 (17.0.15+6) (build 17.0.15+6)
# Java VM: OpenJDK 64-Bit Server VM Temurin-17.0.15+6 (17.0.15+6, mixed mode, sharing, tiered, compressed oops, compressed class ptrs, g1 gc, windows-amd64)
# No core dump will be written. Minidumps are not enabled by default on client versions of Windows
#

---------------  S U M M A R Y ------------

Command Line: -Xmx64m -Xms64m -Dorg.gradle.appname=gradlew I:\ADMX3\app-lojista\android\\gradle\wrapper\gradle-wrapper.jar app:assembleDebug -x lint -x test --configure-on-demand --build-cache -PreactNativeDevServerPort=8083 -PreactNativeArchitectures=x86_64,arm64-v8a

Host: Intel(R) Core(TM) i7-8700 CPU @ 3.20GHz, 12 cores, 15G,  Windows 10 , 64 bit Build 19041 (10.0.19041.5915)
Time: Sat Oct 11 17:07:41 2025 Hora oficial do Brasil elapsed time: 316.238387 seconds (0d 0h 5m 16s)

---------------  T H R E A D  ---------------

Current thread (0x0000028e9ea2e4d0):  JavaThread "C2 CompilerThread0" daemon [_thread_in_native, id=17028, stack(0x000000ebed400000,0x000000ebed500000)]


Current CompileTask:
C2: 316238 2286       4       org.gradle.internal.logging.sink.OutputEventTransformer::onOutput (369 bytes)

Stack: [0x000000ebed400000,0x000000ebed500000]
Native frames: (J=compiled Java code, j=interpreted, Vv=VM code, C=native code)
V  [jvm.dll+0x682fc9]
V  [jvm.dll+0x839878]
V  [jvm.dll+0x83b323]
V  [jvm.dll+0x83b993]
V  [jvm.dll+0x24725f]
V  [jvm.dll+0xad0ac]
V  [jvm.dll+0xad53c]
V  [jvm.dll+0x661aba]
V  [jvm.dll+0x59e418]
V  [jvm.dll+0x59d55a]
V  [jvm.dll+0x59d326]
V  [jvm.dll+0x589867]
V  [jvm.dll+0x2210b2]
V  [jvm.dll+0x219d8b]
V  [jvm.dll+0x21758b]
V  [jvm.dll+0x1a31b0]
V  [jvm.dll+0x227a9c]
V  [jvm.dll+0x225bfb]
V  [jvm.dll+0x7ef018]
V  [jvm.dll+0x7e94dc]
V  [jvm.dll+0x681ea7]
C  [ucrtbase.dll+0x21bb2]
C  [KERNEL32.DLL+0x17374]
C  [ntdll.dll+0x4cc91]


---------------  P R O C E S S  ---------------

Threads class SMR info:
_java_thread_list=0x0000028ee52c0980, length=13, elements={
0x0000028e84bb0820, 0x0000028e84c5d470, 0x0000028e84c5ea90, 0x0000028e9ea28500,
0x0000028e9ea2a0d0, 0x0000028e9ea2f280, 0x0000028e9ea2caa0, 0x0000028e9ea2e4d0,
0x0000028e9ea3cc70, 0x0000028e9ea423f0, 0x0000028e9ea42e10, 0x0000028e9ea40080,
0x0000028e9ea40aa0
}

Java Threads: ( => current thread )
  0x0000028e84bb0820 JavaThread "main" [_thread_in_native, id=1964, stack(0x000000ebec700000,0x000000ebec800000)]
  0x0000028e84c5d470 JavaThread "Reference Handler" daemon [_thread_blocked, id=13240, stack(0x000000ebece00000,0x000000ebecf00000)]
  0x0000028e84c5ea90 JavaThread "Finalizer" daemon [_thread_blocked, id=19320, stack(0x000000ebecf00000,0x000000ebed000000)]
  0x0000028e9ea28500 JavaThread "Signal Dispatcher" daemon [_thread_blocked, id=7444, stack(0x000000ebed000000,0x000000ebed100000)]
  0x0000028e9ea2a0d0 JavaThread "Attach Listener" daemon [_thread_blocked, id=15188, stack(0x000000ebed100000,0x000000ebed200000)]
  0x0000028e9ea2f280 JavaThread "Service Thread" daemon [_thread_blocked, id=4216, stack(0x000000ebed200000,0x000000ebed300000)]
  0x0000028e9ea2caa0 JavaThread "Monitor Deflation Thread" daemon [_thread_blocked, id=19068, stack(0x000000ebed300000,0x000000ebed400000)]
=>0x0000028e9ea2e4d0 JavaThread "C2 CompilerThread0" daemon [_thread_in_native, id=17028, stack(0x000000ebed400000,0x000000ebed500000)]
  0x0000028e9ea3cc70 JavaThread "C1 CompilerThread0" daemon [_thread_blocked, id=14748, stack(0x000000ebed500000,0x000000ebed600000)]
  0x0000028e9ea423f0 JavaThread "Sweeper thread" daemon [_thread_blocked, id=9556, stack(0x000000ebed600000,0x000000ebed700000)]
  0x0000028e9ea42e10 JavaThread "Notification Thread" daemon [_thread_blocked, id=7916, stack(0x000000ebed700000,0x000000ebed800000)]
  0x0000028e9ea40080 JavaThread "Common-Cleaner" daemon [_thread_blocked, id=11632, stack(0x000000ebed900000,0x000000ebeda00000)]
  0x0000028e9ea40aa0 JavaThread "pool-1-thread-1" [_thread_blocked, id=9756, stack(0x000000ebedf00000,0x000000ebee000000)]

Other Threads:
  0x0000028e84c57630 VMThread "VM Thread" [stack: 0x000000ebecd00000,0x000000ebece00000] [id=16532]
  0x0000028ee406b3f0 WatcherThread [stack: 0x000000ebed800000,0x000000ebed900000] [id=16468]
  0x0000028e84bd2d10 GCTaskThread "GC Thread#0" [stack: 0x000000ebec800000,0x000000ebec900000] [id=18272]
  0x0000028ee4752cf0 GCTaskThread "GC Thread#1" [stack: 0x000000ebedc00000,0x000000ebedd00000] [id=19144]
  0x0000028ee45414a0 GCTaskThread "GC Thread#2" [stack: 0x000000ebedd00000,0x000000ebede00000] [id=2364]
  0x0000028ee420f100 GCTaskThread "GC Thread#3" [stack: 0x000000ebede00000,0x000000ebedf00000] [id=1520]
  0x0000028ee5209050 GCTaskThread "GC Thread#4" [stack: 0x000000ebedb00000,0x000000ebedc00000] [id=16512]
  0x0000028ee529f310 GCTaskThread "GC Thread#5" [stack: 0x000000ebee000000,0x000000ebee100000] [id=18728]
  0x0000028ee52c05b0 GCTaskThread "GC Thread#6" [stack: 0x000000ebee100000,0x000000ebee200000] [id=18100]
  0x0000028e84bd4460 ConcurrentGCThread "G1 Main Marker" [stack: 0x000000ebec900000,0x000000ebeca00000] [id=6208]
  0x0000028e84bd4e80 ConcurrentGCThread "G1 Conc#0" [stack: 0x000000ebeca00000,0x000000ebecb00000] [id=3640]
  0x0000028e84c3d100 ConcurrentGCThread "G1 Refine#0" [stack: 0x000000ebecb00000,0x000000ebecc00000] [id=3052]
  0x0000028e84c3db30 ConcurrentGCThread "G1 Service" [stack: 0x000000ebecc00000,0x000000ebecd00000] [id=17404]

Threads with active compile tasks:
C2 CompilerThread0   316287 2286       4       org.gradle.internal.logging.sink.OutputEventTransformer::onOutput (369 bytes)

VM state: not at safepoint (normal execution)

VM Mutex/Monitor currently owned by a thread: None

Heap address: 0x00000000fc000000, size: 64 MB, Compressed Oops mode: 32-bit

CDS archive(s) mapped at: [0x0000028e9f000000-0x0000028e9fbb0000-0x0000028e9fbb0000), size 12255232, SharedBaseAddress: 0x0000028e9f000000, ArchiveRelocationMode: 1.
Compressed class space mapped at: 0x0000028ea0000000-0x0000028ee0000000, reserved size: 1073741824
Narrow klass base: 0x0000028e9f000000, Narrow klass shift: 0, Narrow klass range: 0x100000000

GC Precious Log:
 CPUs: 12 total, 12 available
 Memory: 16318M
 Large Page Support: Disabled
 NUMA Support: Disabled
 Compressed Oops: Enabled (32-bit)
 Heap Region Size: 1M
 Heap Min Capacity: 64M
 Heap Initial Capacity: 64M
 Heap Max Capacity: 64M
 Pre-touch: Disabled
 Parallel Workers: 10
 Concurrent Workers: 3
 Concurrent Refinement Workers: 10
 Periodic GC: Disabled

Heap:
 garbage-first heap   total 65536K, used 34840K [0x00000000fc000000, 0x0000000100000000)
  region size 1024K, 29 young (29696K), 5 survivors (5120K)
 Metaspace       used 10677K, committed 10880K, reserved 1114112K
  class space    used 1368K, committed 1472K, reserved 1048576K

Heap Regions: E=young(eden), S=young(survivor), O=old, HS=humongous(starts), HC=humongous(continues), CS=collection set, F=free, OA=open archive, CA=closed archive, TAMS=top-at-mark-start (previous, next)
|   0|0x00000000fc000000, 0x00000000fc100000, 0x00000000fc100000|100%|HS|  |TAMS 0x00000000fc000000, 0x00000000fc000000| Complete 
|   1|0x00000000fc100000, 0x00000000fc200000, 0x00000000fc200000|100%|HC|  |TAMS 0x00000000fc100000, 0x00000000fc100000| Complete 
|   2|0x00000000fc200000, 0x00000000fc300000, 0x00000000fc300000|100%|HC|  |TAMS 0x00000000fc200000, 0x00000000fc200000| Complete 
|   3|0x00000000fc300000, 0x00000000fc400000, 0x00000000fc400000|100%| O|  |TAMS 0x00000000fc300000, 0x00000000fc300000| Untracked 
|   4|0x00000000fc400000, 0x00000000fc500000, 0x00000000fc500000|100%| O|  |TAMS 0x00000000fc400000, 0x00000000fc400000| Untracked 
|   5|0x00000000fc500000, 0x00000000fc600000, 0x00000000fc600000|100%| O|  |TAMS 0x00000000fc500000, 0x00000000fc500000| Untracked 
|   6|0x00000000fc600000, 0x00000000fc606200, 0x00000000fc700000|  2%| O|  |TAMS 0x00000000fc600000, 0x00000000fc600000| Untracked 
|   7|0x00000000fc700000, 0x00000000fc700000, 0x00000000fc800000|  0%| F|  |TAMS 0x00000000fc700000, 0x00000000fc700000| Untracked 
|   8|0x00000000fc800000, 0x00000000fc800000, 0x00000000fc900000|  0%| F|  |TAMS 0x00000000fc800000, 0x00000000fc800000| Untracked 
|   9|0x00000000fc900000, 0x00000000fc900000, 0x00000000fca00000|  0%| F|  |TAMS 0x00000000fc900000, 0x00000000fc900000| Untracked 
|  10|0x00000000fca00000, 0x00000000fca00000, 0x00000000fcb00000|  0%| F|  |TAMS 0x00000000fca00000, 0x00000000fca00000| Untracked 
|  11|0x00000000fcb00000, 0x00000000fcb00000, 0x00000000fcc00000|  0%| F|  |TAMS 0x00000000fcb00000, 0x00000000fcb00000| Untracked 
|  12|0x00000000fcc00000, 0x00000000fcc00000, 0x00000000fcd00000|  0%| F|  |TAMS 0x00000000fcc00000, 0x00000000fcc00000| Untracked 
|  13|0x00000000fcd00000, 0x00000000fcd00000, 0x00000000fce00000|  0%| F|  |TAMS 0x00000000fcd00000, 0x00000000fcd00000| Untracked 
|  14|0x00000000fce00000, 0x00000000fce00000, 0x00000000fcf00000|  0%| F|  |TAMS 0x00000000fce00000, 0x00000000fce00000| Untracked 
|  15|0x00000000fcf00000, 0x00000000fcf00000, 0x00000000fd000000|  0%| F|  |TAMS 0x00000000fcf00000, 0x00000000fcf00000| Untracked 
|  16|0x00000000fd000000, 0x00000000fd000000, 0x00000000fd100000|  0%| F|  |TAMS 0x00000000fd000000, 0x00000000fd000000| Untracked 
|  17|0x00000000fd100000, 0x00000000fd100000, 0x00000000fd200000|  0%| F|  |TAMS 0x00000000fd100000, 0x00000000fd100000| Untracked 
|  18|0x00000000fd200000, 0x00000000fd200000, 0x00000000fd300000|  0%| F|  |TAMS 0x00000000fd200000, 0x00000000fd200000| Untracked 
|  19|0x00000000fd300000, 0x00000000fd300000, 0x00000000fd400000|  0%| F|  |TAMS 0x00000000fd300000, 0x00000000fd300000| Untracked 
|  20|0x00000000fd400000, 0x00000000fd400000, 0x00000000fd500000|  0%| F|  |TAMS 0x00000000fd400000, 0x00000000fd400000| Untracked 
|  21|0x00000000fd500000, 0x00000000fd500000, 0x00000000fd600000|  0%| F|  |TAMS 0x00000000fd500000, 0x00000000fd500000| Untracked 
|  22|0x00000000fd600000, 0x00000000fd600000, 0x00000000fd700000|  0%| F|  |TAMS 0x00000000fd600000, 0x00000000fd600000| Untracked 
|  23|0x00000000fd700000, 0x00000000fd700000, 0x00000000fd800000|  0%| F|  |TAMS 0x00000000fd700000, 0x00000000fd700000| Untracked 
|  24|0x00000000fd800000, 0x00000000fd800000, 0x00000000fd900000|  0%| F|  |TAMS 0x00000000fd800000, 0x00000000fd800000| Untracked 
|  25|0x00000000fd900000, 0x00000000fd900000, 0x00000000fda00000|  0%| F|  |TAMS 0x00000000fd900000, 0x00000000fd900000| Untracked 
|  26|0x00000000fda00000, 0x00000000fdb00000, 0x00000000fdb00000|100%| S|CS|TAMS 0x00000000fda00000, 0x00000000fda00000| Complete 
|  27|0x00000000fdb00000, 0x00000000fdc00000, 0x00000000fdc00000|100%| S|CS|TAMS 0x00000000fdb00000, 0x00000000fdb00000| Complete 
|  28|0x00000000fdc00000, 0x00000000fdd00000, 0x00000000fdd00000|100%| S|CS|TAMS 0x00000000fdc00000, 0x00000000fdc00000| Complete 
|  29|0x00000000fdd00000, 0x00000000fde00000, 0x00000000fde00000|100%| S|CS|TAMS 0x00000000fdd00000, 0x00000000fdd00000| Complete 
|  30|0x00000000fde00000, 0x00000000fdf00000, 0x00000000fdf00000|100%| S|CS|TAMS 0x00000000fde00000, 0x00000000fde00000| Complete 
|  31|0x00000000fdf00000, 0x00000000fdf00000, 0x00000000fe000000|  0%| F|  |TAMS 0x00000000fdf00000, 0x00000000fdf00000| Untracked 
|  32|0x00000000fe000000, 0x00000000fe000000, 0x00000000fe100000|  0%| F|  |TAMS 0x00000000fe000000, 0x00000000fe000000| Untracked 
|  33|0x00000000fe100000, 0x00000000fe100000, 0x00000000fe200000|  0%| F|  |TAMS 0x00000000fe100000, 0x00000000fe100000| Untracked 
|  34|0x00000000fe200000, 0x00000000fe200000, 0x00000000fe300000|  0%| F|  |TAMS 0x00000000fe200000, 0x00000000fe200000| Untracked 
|  35|0x00000000fe300000, 0x00000000fe300000, 0x00000000fe400000|  0%| F|  |TAMS 0x00000000fe300000, 0x00000000fe300000| Untracked 
|  36|0x00000000fe400000, 0x00000000fe400000, 0x00000000fe500000|  0%| F|  |TAMS 0x00000000fe400000, 0x00000000fe400000| Untracked 
|  37|0x00000000fe500000, 0x00000000fe500000, 0x00000000fe600000|  0%| F|  |TAMS 0x00000000fe500000, 0x00000000fe500000| Untracked 
|  38|0x00000000fe600000, 0x00000000fe600000, 0x00000000fe700000|  0%| F|  |TAMS 0x00000000fe600000, 0x00000000fe600000| Untracked 
|  39|0x00000000fe700000, 0x00000000fe700000, 0x00000000fe800000|  0%| F|  |TAMS 0x00000000fe700000, 0x00000000fe700000| Untracked 
|  40|0x00000000fe800000, 0x00000000fe869e78, 0x00000000fe900000| 41%| E|  |TAMS 0x00000000fe800000, 0x00000000fe800000| Complete 
|  41|0x00000000fe900000, 0x00000000fea00000, 0x00000000fea00000|100%| E|CS|TAMS 0x00000000fe900000, 0x00000000fe900000| Complete 
|  42|0x00000000fea00000, 0x00000000feb00000, 0x00000000feb00000|100%| E|CS|TAMS 0x00000000fea00000, 0x00000000fea00000| Complete 
|  43|0x00000000feb00000, 0x00000000fec00000, 0x00000000fec00000|100%| E|CS|TAMS 0x00000000feb00000, 0x00000000feb00000| Complete 
|  44|0x00000000fec00000, 0x00000000fed00000, 0x00000000fed00000|100%| E|CS|TAMS 0x00000000fec00000, 0x00000000fec00000| Complete 
|  45|0x00000000fed00000, 0x00000000fee00000, 0x00000000fee00000|100%| E|CS|TAMS 0x00000000fed00000, 0x00000000fed00000| Complete 
|  46|0x00000000fee00000, 0x00000000fef00000, 0x00000000fef00000|100%| E|CS|TAMS 0x00000000fee00000, 0x00000000fee00000| Complete 
|  47|0x00000000fef00000, 0x00000000ff000000, 0x00000000ff000000|100%| E|CS|TAMS 0x00000000fef00000, 0x00000000fef00000| Complete 
|  48|0x00000000ff000000, 0x00000000ff100000, 0x00000000ff100000|100%| E|CS|TAMS 0x00000000ff000000, 0x00000000ff000000| Complete 
|  49|0x00000000ff100000, 0x00000000ff200000, 0x00000000ff200000|100%| E|CS|TAMS 0x00000000ff100000, 0x00000000ff100000| Complete 
|  50|0x00000000ff200000, 0x00000000ff300000, 0x00000000ff300000|100%| E|CS|TAMS 0x00000000ff200000, 0x00000000ff200000| Complete 
|  51|0x00000000ff300000, 0x00000000ff400000, 0x00000000ff400000|100%| E|CS|TAMS 0x00000000ff300000, 0x00000000ff300000| Complete 
|  52|0x00000000ff400000, 0x00000000ff500000, 0x00000000ff500000|100%| E|CS|TAMS 0x00000000ff400000, 0x00000000ff400000| Complete 
|  53|0x00000000ff500000, 0x00000000ff600000, 0x00000000ff600000|100%| E|CS|TAMS 0x00000000ff500000, 0x00000000ff500000| Complete 
|  54|0x00000000ff600000, 0x00000000ff700000, 0x00000000ff700000|100%| E|CS|TAMS 0x00000000ff600000, 0x00000000ff600000| Complete 
|  55|0x00000000ff700000, 0x00000000ff800000, 0x00000000ff800000|100%| E|CS|TAMS 0x00000000ff700000, 0x00000000ff700000| Complete 
|  56|0x00000000ff800000, 0x00000000ff900000, 0x00000000ff900000|100%| E|CS|TAMS 0x00000000ff800000, 0x00000000ff800000| Complete 
|  57|0x00000000ff900000, 0x00000000ffa00000, 0x00000000ffa00000|100%| E|CS|TAMS 0x00000000ff900000, 0x00000000ff900000| Complete 
|  58|0x00000000ffa00000, 0x00000000ffb00000, 0x00000000ffb00000|100%| E|CS|TAMS 0x00000000ffa00000, 0x00000000ffa00000| Complete 
|  59|0x00000000ffb00000, 0x00000000ffc00000, 0x00000000ffc00000|100%| E|CS|TAMS 0x00000000ffb00000, 0x00000000ffb00000| Complete 
|  60|0x00000000ffc00000, 0x00000000ffd00000, 0x00000000ffd00000|100%| E|CS|TAMS 0x00000000ffc00000, 0x00000000ffc00000| Complete 
|  61|0x00000000ffd00000, 0x00000000ffe00000, 0x00000000ffe00000|100%| E|CS|TAMS 0x00000000ffd00000, 0x00000000ffd00000| Complete 
|  62|0x00000000ffe00000, 0x00000000fff00000, 0x00000000fff00000|100%| E|CS|TAMS 0x00000000ffe00000, 0x00000000ffe00000| Complete 
|  63|0x00000000fff00000, 0x0000000100000000, 0x0000000100000000|100%| E|CS|TAMS 0x00000000fff00000, 0x00000000fff00000| Complete 

Card table byte_map: [0x0000028e82b80000,0x0000028e82ba0000] _byte_map_base: 0x0000028e823a0000

Marking Bits (Prev, Next): (CMBitMap*) 0x0000028e84bd3330, (CMBitMap*) 0x0000028e84bd3370
 Prev Bits: [0x0000028e9bc60000, 0x0000028e9bd60000)
 Next Bits: [0x0000028e9bd60000, 0x0000028e9be60000)

Polling page: 0x0000028e829c0000

Metaspace:

Usage:
  Non-class:      9.09 MB used.
      Class:      1.34 MB used.
       Both:     10.43 MB used.

Virtual space:
  Non-class space:       64.00 MB reserved,       9.19 MB ( 14%) committed,  1 nodes.
      Class space:        1.00 GB reserved,       1.44 MB ( <1%) committed,  1 nodes.
             Both:        1.06 GB reserved,      10.62 MB ( <1%) committed. 

Chunk freelists:
   Non-Class:  6.25 MB
       Class:  14.44 MB
        Both:  20.69 MB

MaxMetaspaceSize: unlimited
CompressedClassSpaceSize: 1.00 GB
Initial GC threshold: 21.00 MB
Current GC threshold: 21.00 MB
CDS: on
MetaspaceReclaimPolicy: balanced
 - commit_granule_bytes: 65536.
 - commit_granule_words: 8192.
 - virtual_space_node_default_size: 8388608.
 - enlarge_chunks_in_place: 1.
 - new_chunks_are_fully_committed: 0.
 - uncommit_free_chunks: 1.
 - use_allocation_guard: 0.
 - handle_deallocations: 1.


Internal statistics:

num_allocs_failed_limit: 0.
num_arena_births: 92.
num_arena_deaths: 0.
num_vsnodes_births: 2.
num_vsnodes_deaths: 0.
num_space_committed: 170.
num_space_uncommitted: 0.
num_chunks_returned_to_freelist: 0.
num_chunks_taken_from_freelist: 382.
num_chunk_merges: 0.
num_chunk_splits: 254.
num_chunks_enlarged: 199.
num_inconsistent_stats: 0.

CodeHeap 'non-profiled nmethods': size=120000Kb used=1148Kb max_used=1148Kb free=118851Kb
 bounds [0x0000028e941e0000, 0x0000028e94450000, 0x0000028e9b710000]
CodeHeap 'profiled nmethods': size=120000Kb used=4278Kb max_used=4278Kb free=115721Kb
 bounds [0x0000028e8c710000, 0x0000028e8cb40000, 0x0000028e93c40000]
CodeHeap 'non-nmethods': size=5760Kb used=1192Kb max_used=1232Kb free=4567Kb
 bounds [0x0000028e93c40000, 0x0000028e93eb0000, 0x0000028e941e0000]
 total_blobs=2777 nmethods=2285 adapters=405
 compilation: enabled
              stopped_count=0, restarted_count=0
 full_count=0

Compilation events (20 events):
Event: 237.345 Thread 0x0000028e9ea2e4d0 nmethod 2276 0x0000028e942f7690 code [0x0000028e942f7820, 0x0000028e942f7a78]
Event: 238.547 Thread 0x0000028e9ea2e4d0 2277       4       java.lang.Integer::getChars (131 bytes)
Event: 238.550 Thread 0x0000028e9ea2e4d0 nmethod 2277 0x0000028e942f7d90 code [0x0000028e942f7f20, 0x0000028e942f81f8]
Event: 265.347 Thread 0x0000028e9ea2e4d0 2278       4       java.util.concurrent.locks.LockSupport::setBlocker (12 bytes)
Event: 265.348 Thread 0x0000028e9ea2e4d0 nmethod 2278 0x0000028e942f8410 code [0x0000028e942f8580, 0x0000028e942f86b8]
Event: 268.941 Thread 0x0000028e9ea2e4d0 2279       4       java.util.concurrent.ScheduledThreadPoolExecutor$ScheduledFutureTask::getDelay (16 bytes)
Event: 268.941 Thread 0x0000028e9ea2e4d0 nmethod 2279 0x0000028e942f8710 code [0x0000028e942f88a0, 0x0000028e942f89d8]
Event: 270.638 Thread 0x0000028e9ea2e4d0 2280       4       java.util.concurrent.locks.AbstractQueuedSynchronizer$ConditionObject::canReacquire (38 bytes)
Event: 270.638 Thread 0x0000028e9ea2e4d0 nmethod 2280 0x0000028e942f8b10 code [0x0000028e942f8c80, 0x0000028e942f8d38]
Event: 272.345 Thread 0x0000028e9ea2e4d0 2281       4       java.util.concurrent.locks.ReentrantLock$Sync::isHeldExclusively (16 bytes)
Event: 272.346 Thread 0x0000028e9ea2e4d0 nmethod 2281 0x0000028e942f8e10 code [0x0000028e942f8f80, 0x0000028e942f9038]
Event: 280.835 Thread 0x0000028e9ea2e4d0 2282       4       org.fusesource.jansi.Ansi::flushAttributes (94 bytes)
Event: 280.876 Thread 0x0000028e9ea2e4d0 nmethod 2282 0x0000028e942f9110 code [0x0000028e942f93a0, 0x0000028e942fc778]
Event: 292.345 Thread 0x0000028e9ea2e4d0 2283       4       java.lang.AbstractStringBuilder::append (60 bytes)
Event: 292.351 Thread 0x0000028e9ea2e4d0 nmethod 2283 0x0000028e942fdd90 code [0x0000028e942fdf20, 0x0000028e942fe858]
Event: 296.542 Thread 0x0000028e9ea3cc70 2284       3       com.google.common.collect.Iterators::forArrayWithPosition (26 bytes)
Event: 296.542 Thread 0x0000028e9ea3cc70 nmethod 2284 0x0000028e8cb3cf90 code [0x0000028e8cb3d1a0, 0x0000028e8cb3d798]
Event: 313.540 Thread 0x0000028e9ea2e4d0 2285       4       java.lang.StringCoding::implEncodeAsciiArray (47 bytes)
Event: 313.543 Thread 0x0000028e9ea2e4d0 nmethod 2285 0x0000028e942fec90 code [0x0000028e942fee00, 0x0000028e942ff1b8]
Event: 316.211 Thread 0x0000028e9ea2e4d0 2286       4       org.gradle.internal.logging.sink.OutputEventTransformer::onOutput (369 bytes)

GC Heap History (4 events):
Event: 0.537 GC heap before
{Heap before GC invocations=0 (full 0):
 garbage-first heap   total 65536K, used 23552K [0x00000000fc000000, 0x0000000100000000)
  region size 1024K, 23 young (23552K), 0 survivors (0K)
 Metaspace       used 1714K, committed 1856K, reserved 1114112K
  class space    used 160K, committed 192K, reserved 1048576K
}
Event: 0.540 GC heap after
{Heap after GC invocations=1 (full 0):
 garbage-first heap   total 65536K, used 1984K [0x00000000fc000000, 0x0000000100000000)
  region size 1024K, 2 young (2048K), 2 survivors (2048K)
 Metaspace       used 1714K, committed 1856K, reserved 1114112K
  class space    used 160K, committed 192K, reserved 1048576K
}
Event: 1.803 GC heap before
{Heap before GC invocations=1 (full 0):
 garbage-first heap   total 65536K, used 36800K [0x00000000fc000000, 0x0000000100000000)
  region size 1024K, 33 young (33792K), 2 survivors (2048K)
 Metaspace       used 7764K, committed 8000K, reserved 1114112K
  class space    used 1060K, committed 1152K, reserved 1048576K
}
Event: 1.807 GC heap after
{Heap after GC invocations=2 (full 0):
 garbage-first heap   total 65536K, used 11288K [0x00000000fc000000, 0x0000000100000000)
  region size 1024K, 5 young (5120K), 5 survivors (5120K)
 Metaspace       used 7764K, committed 8000K, reserved 1114112K
  class space    used 1060K, committed 1152K, reserved 1048576K
}

Dll operation events (13 events):
Event: 0.010 Loaded shared library C:\Program Files\Eclipse Adoptium\jdk-17.0.15.6-hotspot\bin\java.dll
Event: 0.023 Loaded shared library C:\Program Files\Eclipse Adoptium\jdk-17.0.15.6-hotspot\bin\jsvml.dll
Event: 0.051 Loaded shared library C:\Program Files\Eclipse Adoptium\jdk-17.0.15.6-hotspot\bin\net.dll
Event: 0.053 Loaded shared library C:\Program Files\Eclipse Adoptium\jdk-17.0.15.6-hotspot\bin\nio.dll
Event: 0.063 Loaded shared library C:\Program Files\Eclipse Adoptium\jdk-17.0.15.6-hotspot\bin\zip.dll
Event: 0.070 Loaded shared library C:\Program Files\Eclipse Adoptium\jdk-17.0.15.6-hotspot\bin\verify.dll
Event: 0.532 Loaded shared library C:\Program Files\Eclipse Adoptium\jdk-17.0.15.6-hotspot\bin\jimage.dll
Event: 1.167 Loaded shared library C:\Program Files\Eclipse Adoptium\jdk-17.0.15.6-hotspot\bin\management.dll
Event: 1.170 Loaded shared library C:\Program Files\Eclipse Adoptium\jdk-17.0.15.6-hotspot\bin\management_ext.dll
Event: 1.255 Loaded shared library C:\Users\Adriano\.gradle\native\1def1411415f61bf3af743bc5b6707747c0891f09f0c88961ee8f79bc544acac\windows-amd64\native-platform.dll
Event: 1.301 Loaded shared library C:\Users\Adriano\.gradle\native\jansi\1.18\windows64\jansi.dll
Event: 1.563 Loaded shared library C:\Program Files\Eclipse Adoptium\jdk-17.0.15.6-hotspot\bin\extnet.dll
Event: 3.800 Loaded shared library C:\Program Files\Eclipse Adoptium\jdk-17.0.15.6-hotspot\bin\sunmscapi.dll

Deoptimization events (20 events):
Event: 39.468 Thread 0x0000028e84bb0820 DEOPT PACKING pc=0x0000028e942292bc sp=0x000000ebec7fcd80
Event: 39.468 Thread 0x0000028e84bb0820 DEOPT UNPACKING pc=0x0000028e93c969a3 sp=0x000000ebec7fcd20 mode 2
Event: 39.468 Thread 0x0000028e84bb0820 Uncommon trap: trap_request=0xffffff45 fr.pc=0x0000028e941fbad4 relative=0x0000000000000354
Event: 39.468 Thread 0x0000028e84bb0820 Uncommon trap: reason=unstable_if action=reinterpret pc=0x0000028e941fbad4 method=java.lang.StringUTF16.compress([CI[BII)I @ 20 c2
Event: 39.468 Thread 0x0000028e84bb0820 DEOPT PACKING pc=0x0000028e941fbad4 sp=0x000000ebec7fccf0
Event: 39.468 Thread 0x0000028e84bb0820 DEOPT UNPACKING pc=0x0000028e93c969a3 sp=0x000000ebec7fcc98 mode 2
Event: 51.374 Thread 0x0000028e84bb0820 DEOPT PACKING pc=0x0000028e8cadf2f2 sp=0x000000ebec7fcce0
Event: 51.374 Thread 0x0000028e84bb0820 DEOPT UNPACKING pc=0x0000028e93c97143 sp=0x000000ebec7fc150 mode 0
Event: 52.589 Thread 0x0000028e84bb0820 DEOPT PACKING pc=0x0000028e8cadf2f2 sp=0x000000ebec7fcd80
Event: 52.589 Thread 0x0000028e84bb0820 DEOPT UNPACKING pc=0x0000028e93c97143 sp=0x000000ebec7fc1f0 mode 0
Event: 53.091 Thread 0x0000028e84bb0820 DEOPT PACKING pc=0x0000028e8cadf2f2 sp=0x000000ebec7fcce0
Event: 53.091 Thread 0x0000028e84bb0820 DEOPT UNPACKING pc=0x0000028e93c97143 sp=0x000000ebec7fc150 mode 0
Event: 53.379 Thread 0x0000028e84bb0820 DEOPT PACKING pc=0x0000028e8cadf2f2 sp=0x000000ebec7fcd80
Event: 53.379 Thread 0x0000028e84bb0820 DEOPT UNPACKING pc=0x0000028e93c97143 sp=0x000000ebec7fc1f0 mode 0
Event: 92.537 Thread 0x0000028e9ea40aa0 Uncommon trap: trap_request=0xffffff45 fr.pc=0x0000028e942d31cc relative=0x000000000000200c
Event: 92.537 Thread 0x0000028e9ea40aa0 Uncommon trap: reason=unstable_if action=reinterpret pc=0x0000028e942d31cc method=org.gradle.internal.logging.sink.GroupingProgressLogEventGenerator$OperationGroup.maybeFlushOutput(J)V @ 8 c2
Event: 92.537 Thread 0x0000028e9ea40aa0 DEOPT PACKING pc=0x0000028e942d31cc sp=0x000000ebedfff2e0
Event: 92.537 Thread 0x0000028e9ea40aa0 DEOPT UNPACKING pc=0x0000028e93c969a3 sp=0x000000ebedfff0d0 mode 2
Event: 313.540 Thread 0x0000028e9ea40aa0 DEOPT PACKING pc=0x0000028e8cac0ff7 sp=0x000000ebedffebd0
Event: 313.540 Thread 0x0000028e9ea40aa0 DEOPT UNPACKING pc=0x0000028e93c97143 sp=0x000000ebedffe040 mode 0

Classes loaded (20 events):
Event: 4.513 Loading class sun/util/logging/internal/LoggingProviderImpl$JULWrapper
Event: 4.514 Loading class sun/util/logging/PlatformLogger$ConfigurableBridge$LoggerConfiguration
Event: 4.514 Loading class sun/util/logging/PlatformLogger$ConfigurableBridge$LoggerConfiguration done
Event: 4.514 Loading class sun/util/logging/internal/LoggingProviderImpl$JULWrapper done
Event: 4.514 Loading class java/io/ObjectInputFilter
Event: 4.514 Loading class java/io/ObjectInputFilter done
Event: 4.514 Loading class java/io/ObjectInputFilter$Config$BuiltinFilterFactory
Event: 4.514 Loading class java/io/ObjectInputFilter$Config$BuiltinFilterFactory done
Event: 4.514 Loading class jdk/internal/access/JavaObjectInputFilterAccess
Event: 4.514 Loading class jdk/internal/access/JavaObjectInputFilterAccess done
Event: 4.515 Loading class java/lang/System$Logger$Level
Event: 4.515 Loading class java/lang/System$Logger$Level done
Event: 4.515 Loading class java/io/Bits
Event: 4.515 Loading class java/io/Bits done
Event: 24.151 Loading class java/util/ArrayList$ListItr
Event: 24.151 Loading class java/util/ArrayList$ListItr done
Event: 39.548 Loading class sun/nio/cs/Surrogate$Parser
Event: 39.548 Loading class sun/nio/cs/Surrogate$Parser done
Event: 39.548 Loading class sun/nio/cs/Surrogate
Event: 39.548 Loading class sun/nio/cs/Surrogate done

Classes unloaded (0 events):
No events

Classes redefined (0 events):
No events

Internal exceptions (20 events):
Event: 1.202 Thread 0x0000028e84bb0820 Implicit null exception at 0x0000028e9422b70f to 0x0000028e9422bc94
Event: 1.202 Thread 0x0000028e84bb0820 Implicit null exception at 0x0000028e9421358f to 0x0000028e94213609
Event: 1.234 Thread 0x0000028e84bb0820 Exception <a 'java/lang/NoClassDefFoundError'{0x00000000ff07db18}: org/slf4j/impl/StaticMarkerBinder> (0x00000000ff07db18) 
thrown [s\src\hotspot\share\classfile\systemDictionary.cpp, line 245]
Event: 1.264 Thread 0x0000028e84bb0820 Exception <a 'java/lang/NoSuchMethodError'{0x00000000fefa0e10}: 'java.lang.Object java.lang.invoke.Invokers$Holder.invoker(java.lang.Object, java.lang.Object, java.lang.Object)'> (0x00000000fefa0e10) 
thrown [s\src\hotspot\share\interpreter\linkResolver.cpp, line 759]
Event: 1.265 Thread 0x0000028e84bb0820 Exception <a 'java/lang/NoSuchMethodError'{0x00000000fefa9f68}: 'java.lang.Object java.lang.invoke.DirectMethodHandle$Holder.invokeStatic(java.lang.Object, java.lang.Object, int)'> (0x00000000fefa9f68) 
thrown [s\src\hotspot\share\interpreter\linkResolver.cpp, line 759]
Event: 1.266 Thread 0x0000028e84bb0820 Exception <a 'java/lang/NoSuchMethodError'{0x00000000fefb5c58}: 'void java.lang.invoke.DelegatingMethodHandle$Holder.delegate(java.lang.Object, java.lang.Object, int, java.lang.Object)'> (0x00000000fefb5c58) 
thrown [s\src\hotspot\share\interpreter\linkResolver.cpp, line 759]
Event: 1.268 Thread 0x0000028e84bb0820 Exception <a 'java/lang/NoSuchMethodError'{0x00000000fefc92a0}: 'java.lang.Object java.lang.invoke.Invokers$Holder.invokeExact_MT(java.lang.Object, java.lang.Object, java.lang.Object, java.lang.Object)'> (0x00000000fefc92a0) 
thrown [s\src\hotspot\share\interpreter\linkResolver.cpp, line 759]
Event: 1.277 Thread 0x0000028e84bb0820 Exception <a 'java/lang/NoSuchMethodError'{0x00000000fefeb348}: 'java.lang.Object java.lang.invoke.DirectMethodHandle$Holder.invokeVirtual(java.lang.Object, java.lang.Object, java.lang.Object)'> (0x00000000fefeb348) 
thrown [s\src\hotspot\share\interpreter\linkResolver.cpp, line 759]
Event: 1.394 Thread 0x0000028e84bb0820 Exception <a 'java/lang/NoSuchMethodError'{0x00000000fea02c30}: 'java.lang.Object java.lang.invoke.DirectMethodHandle$Holder.newInvokeSpecial(java.lang.Object, java.lang.Object, java.lang.Object, java.lang.Object, java.lang.Object)'> (0x00000000fea02c30) 
thrown [s\src\hotspot\share\interpreter\linkResolver.cpp, line 759]
Event: 1.437 Thread 0x0000028e84bb0820 Exception <a 'java/lang/NoSuchMethodError'{0x00000000fe9310a8}: 'void java.lang.invoke.DirectMethodHandle$Holder.invokeSpecial(java.lang.Object, java.lang.Object, java.lang.Object)'> (0x00000000fe9310a8) 
thrown [s\src\hotspot\share\interpreter\linkResolver.cpp, line 759]
Event: 1.567 Thread 0x0000028e84bb0820 Exception <a 'java/lang/NoSuchMethodError'{0x00000000fe5e84e8}: 'void java.lang.invoke.DirectMethodHandle$Holder.invokeStatic(java.lang.Object, java.lang.Object, java.lang.Object)'> (0x00000000fe5e84e8) 
thrown [s\src\hotspot\share\interpreter\linkResolver.cpp, line 759]
Event: 1.689 Thread 0x0000028e84bb0820 Exception <a 'java/lang/NoSuchMethodError'{0x00000000fe2833a0}: 'java.lang.Object java.lang.invoke.DirectMethodHandle$Holder.newInvokeSpecial(java.lang.Object, java.lang.Object, java.lang.Object, java.lang.Object, java.lang.Object, java.lang.Object, java.lang.Object, java.lang.Object, java.lang.Object, java.lang.Object, java.lang.Object, java.lang.Object, java.lang.Object, java.lang.Object, java.lang.Object, java.lang.Object, java.lang.Object, java.lang.Object, java.lang.Object, java.lang.Object, java.lang
Event: 1.689 Thread 0x0000028e84bb0820 Exception <a 'java/lang/NoSuchMethodError'{0x00000000fe28f9a8}: 'java.lang.Object java.lang.invoke.Invokers$Holder.linkToTargetMethod(java.lang.Object, java.lang.Object, java.lang.Object, java.lang.Object, java.lang.Object, java.lang.Object, java.lang.Object, java.lang.Object, java.lang.Object, java.lang.Object, java.lang.Object, java.lang.Object, java.lang.Object, java.lang.Object, java.lang.Object, java.lang.Object, java.lang.Object, java.lang.Object, java.lang.Object, java.lang.Object, java.lang.Object,
Event: 1.745 Thread 0x0000028e84bb0820 Exception <a 'java/lang/NoSuchMethodError'{0x00000000fe0f2448}: 'java.lang.Object java.lang.invoke.DirectMethodHandle$Holder.invokeStaticInit(java.lang.Object, int, int, int, int)'> (0x00000000fe0f2448) 
thrown [s\src\hotspot\share\interpreter\linkResolver.cpp, line 759]
Event: 1.793 Thread 0x0000028e84bb0820 Exception <a 'java/lang/NoSuchMethodError'{0x00000000fdfd4100}: 'java.lang.Object java.lang.invoke.DirectMethodHandle$Holder.invokeStaticInit(java.lang.Object, java.lang.Object, int, int, int, int)'> (0x00000000fdfd4100) 
thrown [s\src\hotspot\share\interpreter\linkResolver.cpp, line 759]
Event: 2.027 Thread 0x0000028e9ea42900 Exception <a 'java/lang/NoSuchMethodError'{0x00000000ff799508}: 'void java.lang.invoke.DirectMethodHandle$Holder.invokeStatic(java.lang.Object, long)'> (0x00000000ff799508) 
thrown [s\src\hotspot\share\interpreter\linkResolver.cpp, line 759]
Event: 2.027 Thread 0x0000028e9ea42900 Exception <a 'java/lang/NoSuchMethodError'{0x00000000ff79ee60}: 'java.lang.Object java.lang.invoke.DirectMethodHandle$Holder.newInvokeSpecial(java.lang.Object, long)'> (0x00000000ff79ee60) 
thrown [s\src\hotspot\share\interpreter\linkResolver.cpp, line 759]
Event: 2.029 Thread 0x0000028e9ea42900 Exception <a 'java/lang/NoSuchMethodError'{0x00000000ff7a9a78}: 'java.lang.Object java.lang.invoke.DirectMethodHandle$Holder.invokeStaticInit(java.lang.Object, java.lang.Object, long, java.lang.Object)'> (0x00000000ff7a9a78) 
thrown [s\src\hotspot\share\interpreter\linkResolver.cpp, line 759]
Event: 2.029 Thread 0x0000028e9ea42900 Exception <a 'java/lang/NoSuchMethodError'{0x00000000ff7b05b0}: 'java.lang.Object java.lang.invoke.DirectMethodHandle$Holder.newInvokeSpecial(java.lang.Object, java.lang.Object, long)'> (0x00000000ff7b05b0) 
thrown [s\src\hotspot\share\interpreter\linkResolver.cpp, line 759]
Event: 2.030 Thread 0x0000028e9ea42900 Exception <a 'java/lang/NoSuchMethodError'{0x00000000ff7b48a0}: 'java.lang.Object java.lang.invoke.Invokers$Holder.linkToTargetMethod(java.lang.Object, long, java.lang.Object)'> (0x00000000ff7b48a0) 
thrown [s\src\hotspot\share\interpreter\linkResolver.cpp, line 759]

VM Operations (20 events):
Event: 120.400 Executing VM operation: HandshakeAllThreads
Event: 120.400 Executing VM operation: HandshakeAllThreads done
Event: 146.605 Executing VM operation: Cleanup
Event: 146.605 Executing VM operation: Cleanup done
Event: 157.694 Executing VM operation: Cleanup
Event: 157.694 Executing VM operation: Cleanup done
Event: 158.709 Executing VM operation: Cleanup
Event: 158.709 Executing VM operation: Cleanup done
Event: 180.514 Executing VM operation: HandshakeAllThreads
Event: 180.514 Executing VM operation: HandshakeAllThreads done
Event: 216.791 Executing VM operation: Cleanup
Event: 216.791 Executing VM operation: Cleanup done
Event: 225.833 Executing VM operation: Cleanup
Event: 225.833 Executing VM operation: Cleanup done
Event: 236.887 Executing VM operation: Cleanup
Event: 236.887 Executing VM operation: Cleanup done
Event: 240.606 Executing VM operation: HandshakeAllThreads
Event: 240.606 Executing VM operation: HandshakeAllThreads done
Event: 272.829 Executing VM operation: Cleanup
Event: 272.829 Executing VM operation: Cleanup done

Memory protections (0 events):
No events

Nmethod flushes (0 events):
No events

Events (20 events):
Event: 0.032 Thread 0x0000028e84bb0820 Thread added: 0x0000028e9ea28500
Event: 0.032 Thread 0x0000028e84bb0820 Thread added: 0x0000028e9ea2a0d0
Event: 0.032 Thread 0x0000028e84bb0820 Thread added: 0x0000028e9ea2f280
Event: 0.032 Thread 0x0000028e84bb0820 Thread added: 0x0000028e9ea2caa0
Event: 0.032 Thread 0x0000028e84bb0820 Thread added: 0x0000028e9ea2e4d0
Event: 0.032 Thread 0x0000028e84bb0820 Thread added: 0x0000028e9ea3cc70
Event: 0.032 Thread 0x0000028e84bb0820 Thread added: 0x0000028e9ea423f0
Event: 0.045 Thread 0x0000028e84bb0820 Thread added: 0x0000028e9ea42e10
Event: 0.046 Thread 0x0000028e84bb0820 Thread added: 0x0000028e9ea40080
Event: 0.331 Thread 0x0000028e9ea3cc70 Thread added: 0x0000028e9ea3c720
Event: 0.533 Thread 0x0000028e9ea3cc70 Thread added: 0x0000028e9ea3f1a0
Event: 1.335 Thread 0x0000028e84bb0820 Thread added: 0x0000028e9ea40aa0
Event: 1.590 Thread 0x0000028e9ea3f1a0 Thread exited: 0x0000028e9ea3f1a0
Event: 1.970 Thread 0x0000028e84bb0820 Thread added: 0x0000028e9ea42900
Event: 2.031 Thread 0x0000028e9ea42900 Thread added: 0x0000028e9ea40fb0
Event: 2.031 Thread 0x0000028e9ea40fb0 Thread exited: 0x0000028e9ea40fb0
Event: 2.032 Thread 0x0000028e9ea42900 Thread added: 0x0000028e9ea43830
Event: 2.338 Thread 0x0000028e9ea3c720 Thread exited: 0x0000028e9ea3c720
Event: 3.731 Thread 0x0000028e9ea42900 Thread exited: 0x0000028e9ea42900
Event: 3.731 Thread 0x0000028e9ea43830 Thread exited: 0x0000028e9ea43830


Dynamic libraries:
0x00007ff752c80000 - 0x00007ff752c8e000 	C:\Program Files\Eclipse Adoptium\jdk-17.0.15.6-hotspot\bin\java.exe
0x00007ffcd37b0000 - 0x00007ffcd39a8000 	C:\WINDOWS\SYSTEM32\ntdll.dll
0x00007ffcd1fb0000 - 0x00007ffcd2072000 	C:\WINDOWS\System32\KERNEL32.DLL
0x00007ffcd1200000 - 0x00007ffcd14f6000 	C:\WINDOWS\System32\KERNELBASE.dll
0x00007ffcd1690000 - 0x00007ffcd1790000 	C:\WINDOWS\System32\ucrtbase.dll
0x00007ffcb6460000 - 0x00007ffcb6477000 	C:\Program Files\Eclipse Adoptium\jdk-17.0.15.6-hotspot\bin\jli.dll
0x00007ffcb8c90000 - 0x00007ffcb8cae000 	C:\Program Files\Eclipse Adoptium\jdk-17.0.15.6-hotspot\bin\VCRUNTIME140.dll
0x00007ffcd2110000 - 0x00007ffcd22ad000 	C:\WINDOWS\System32\USER32.dll
0x00007ffcd1660000 - 0x00007ffcd1682000 	C:\WINDOWS\System32\win32u.dll
0x00007ffcc18b0000 - 0x00007ffcc1b4b000 	C:\WINDOWS\WinSxS\amd64_microsoft.windows.common-controls_6595b64144ccf1df_6.0.19041.6280_none_60bc30a171f2f3f3\COMCTL32.dll
0x00007ffcd27d0000 - 0x00007ffcd27fb000 	C:\WINDOWS\System32\GDI32.dll
0x00007ffcd29d0000 - 0x00007ffcd2a6e000 	C:\WINDOWS\System32\msvcrt.dll
0x00007ffcd0f60000 - 0x00007ffcd1079000 	C:\WINDOWS\System32\gdi32full.dll
0x00007ffcd1080000 - 0x00007ffcd111d000 	C:\WINDOWS\System32\msvcp_win.dll
0x00007ffcd2080000 - 0x00007ffcd20af000 	C:\WINDOWS\System32\IMM32.DLL
0x00007ffccacb0000 - 0x00007ffccacbc000 	C:\Program Files\Eclipse Adoptium\jdk-17.0.15.6-hotspot\bin\vcruntime140_1.dll
0x00007ffc98e90000 - 0x00007ffc98f1d000 	C:\Program Files\Eclipse Adoptium\jdk-17.0.15.6-hotspot\bin\msvcp140.dll
0x00007ffc37c80000 - 0x00007ffc388eb000 	C:\Program Files\Eclipse Adoptium\jdk-17.0.15.6-hotspot\bin\server\jvm.dll
0x00007ffcd25c0000 - 0x00007ffcd2671000 	C:\WINDOWS\System32\ADVAPI32.dll
0x00007ffcd2af0000 - 0x00007ffcd2b8f000 	C:\WINDOWS\System32\sechost.dll
0x00007ffcd28b0000 - 0x00007ffcd29d0000 	C:\WINDOWS\System32\RPCRT4.dll
0x00007ffcd11d0000 - 0x00007ffcd11f7000 	C:\WINDOWS\System32\bcrypt.dll
0x00007ffcd2690000 - 0x00007ffcd26fb000 	C:\WINDOWS\System32\WS2_32.dll
0x00007ffcc5e30000 - 0x00007ffcc5e57000 	C:\WINDOWS\SYSTEM32\WINMM.dll
0x00007ffcd0390000 - 0x00007ffcd03db000 	C:\WINDOWS\SYSTEM32\POWRPROF.dll
0x00007ffcc5e60000 - 0x00007ffcc5e6a000 	C:\WINDOWS\SYSTEM32\VERSION.dll
0x00007ffcd0250000 - 0x00007ffcd0262000 	C:\WINDOWS\SYSTEM32\UMPDC.dll
0x00007ffccec10000 - 0x00007ffccec22000 	C:\WINDOWS\SYSTEM32\kernel.appcore.dll
0x00007ffccaa80000 - 0x00007ffccaa8a000 	C:\Program Files\Eclipse Adoptium\jdk-17.0.15.6-hotspot\bin\jimage.dll
0x00007ffcc1e20000 - 0x00007ffcc2021000 	C:\WINDOWS\SYSTEM32\DBGHELP.DLL
0x00007ffcc0440000 - 0x00007ffcc0474000 	C:\WINDOWS\SYSTEM32\dbgcore.DLL
0x00007ffcd0ed0000 - 0x00007ffcd0f52000 	C:\WINDOWS\System32\bcryptPrimitives.dll
0x00007ffca80a0000 - 0x00007ffca80c5000 	C:\Program Files\Eclipse Adoptium\jdk-17.0.15.6-hotspot\bin\java.dll
0x00007ffc98db0000 - 0x00007ffc98e87000 	C:\Program Files\Eclipse Adoptium\jdk-17.0.15.6-hotspot\bin\jsvml.dll
0x00007ffcd2b90000 - 0x00007ffcd3300000 	C:\WINDOWS\System32\SHELL32.dll
0x00007ffcceef0000 - 0x00007ffccf695000 	C:\WINDOWS\SYSTEM32\windows.storage.dll
0x00007ffcd18f0000 - 0x00007ffcd1c43000 	C:\WINDOWS\System32\combase.dll
0x00007ffcd0880000 - 0x00007ffcd08ab000 	C:\WINDOWS\SYSTEM32\Wldp.dll
0x00007ffcd2700000 - 0x00007ffcd27cd000 	C:\WINDOWS\System32\OLEAUT32.dll
0x00007ffcd2800000 - 0x00007ffcd28ad000 	C:\WINDOWS\System32\SHCORE.dll
0x00007ffcd20b0000 - 0x00007ffcd210b000 	C:\WINDOWS\System32\shlwapi.dll
0x00007ffcd0d80000 - 0x00007ffcd0da4000 	C:\WINDOWS\SYSTEM32\profapi.dll
0x00007ffcad050000 - 0x00007ffcad069000 	C:\Program Files\Eclipse Adoptium\jdk-17.0.15.6-hotspot\bin\net.dll
0x00007ffccb0c0000 - 0x00007ffccb1ca000 	C:\WINDOWS\SYSTEM32\WINHTTP.dll
0x00007ffcd05e0000 - 0x00007ffcd064a000 	C:\WINDOWS\system32\mswsock.dll
0x00007ffca7dc0000 - 0x00007ffca7dd6000 	C:\Program Files\Eclipse Adoptium\jdk-17.0.15.6-hotspot\bin\nio.dll
0x00007ffca79f0000 - 0x00007ffca7a08000 	C:\Program Files\Eclipse Adoptium\jdk-17.0.15.6-hotspot\bin\zip.dll
0x00007ffcc1c00000 - 0x00007ffcc1c10000 	C:\Program Files\Eclipse Adoptium\jdk-17.0.15.6-hotspot\bin\verify.dll
0x00007ffcb9050000 - 0x00007ffcb905a000 	C:\Program Files\Eclipse Adoptium\jdk-17.0.15.6-hotspot\bin\management.dll
0x00007ffcacc70000 - 0x00007ffcacc7b000 	C:\Program Files\Eclipse Adoptium\jdk-17.0.15.6-hotspot\bin\management_ext.dll
0x00007ffcd2530000 - 0x00007ffcd2538000 	C:\WINDOWS\System32\PSAPI.DLL
0x00007ffcc1bd0000 - 0x00007ffcc1bf7000 	C:\Users\Adriano\.gradle\native\1def1411415f61bf3af743bc5b6707747c0891f09f0c88961ee8f79bc544acac\windows-amd64\native-platform.dll
0x00007ffcc1bc0000 - 0x00007ffcc1bca000 	C:\Users\Adriano\.gradle\native\jansi\1.18\windows64\jansi.dll
0x00007ffcd0270000 - 0x00007ffcd02ab000 	C:\WINDOWS\SYSTEM32\IPHLPAPI.DLL
0x00007ffcd2680000 - 0x00007ffcd2688000 	C:\WINDOWS\System32\NSI.dll
0x00007ffccb870000 - 0x00007ffccb887000 	C:\WINDOWS\SYSTEM32\dhcpcsvc6.DLL
0x00007ffccb7e0000 - 0x00007ffccb7fd000 	C:\WINDOWS\SYSTEM32\dhcpcsvc.DLL
0x00007ffcd02b0000 - 0x00007ffcd037a000 	C:\WINDOWS\SYSTEM32\DNSAPI.dll
0x00007ffca79e0000 - 0x00007ffca79e9000 	C:\Program Files\Eclipse Adoptium\jdk-17.0.15.6-hotspot\bin\extnet.dll
0x00007ffcd07e0000 - 0x00007ffcd07f8000 	C:\WINDOWS\SYSTEM32\CRYPTSP.dll
0x00007ffccfe90000 - 0x00007ffccfec8000 	C:\WINDOWS\system32\rsaenh.dll
0x00007ffcd0d40000 - 0x00007ffcd0d6e000 	C:\WINDOWS\SYSTEM32\USERENV.dll
0x00007ffcd07d0000 - 0x00007ffcd07dc000 	C:\WINDOWS\SYSTEM32\CRYPTBASE.dll
0x00007ffca7db0000 - 0x00007ffca7dbe000 	C:\Program Files\Eclipse Adoptium\jdk-17.0.15.6-hotspot\bin\sunmscapi.dll
0x00007ffcd1500000 - 0x00007ffcd165d000 	C:\WINDOWS\System32\CRYPT32.dll
0x00007ffcd08f0000 - 0x00007ffcd0917000 	C:\WINDOWS\SYSTEM32\ncrypt.dll
0x00007ffcd08b0000 - 0x00007ffcd08eb000 	C:\WINDOWS\SYSTEM32\NTASN1.dll
0x00007ffcb0270000 - 0x00007ffcb0277000 	C:\WINDOWS\system32\wshunix.dll

dbghelp: loaded successfully - version: 4.0.5 - missing functions: none
symbol engine: initialized successfully - sym options: 0x614 - pdb path: .;C:\Program Files\Eclipse Adoptium\jdk-17.0.15.6-hotspot\bin;C:\WINDOWS\SYSTEM32;C:\WINDOWS\WinSxS\amd64_microsoft.windows.common-controls_6595b64144ccf1df_6.0.19041.6280_none_60bc30a171f2f3f3;C:\Program Files\Eclipse Adoptium\jdk-17.0.15.6-hotspot\bin\server;C:\Users\Adriano\.gradle\native\1def1411415f61bf3af743bc5b6707747c0891f09f0c88961ee8f79bc544acac\windows-amd64;C:\Users\Adriano\.gradle\native\jansi\1.18\windows64

VM Arguments:
jvm_args: -Xmx64m -Xms64m -Dorg.gradle.appname=gradlew 
java_command: I:\ADMX3\app-lojista\android\\gradle\wrapper\gradle-wrapper.jar app:assembleDebug -x lint -x test --configure-on-demand --build-cache -PreactNativeDevServerPort=8083 -PreactNativeArchitectures=x86_64,arm64-v8a
java_class_path (initial): I:\ADMX3\app-lojista\android\\gradle\wrapper\gradle-wrapper.jar
Launcher Type: SUN_STANDARD

[Global flags]
     intx CICompilerCount                          = 4                                         {product} {ergonomic}
     uint ConcGCThreads                            = 3                                         {product} {ergonomic}
     uint G1ConcRefinementThreads                  = 10                                        {product} {ergonomic}
   size_t G1HeapRegionSize                         = 1048576                                   {product} {ergonomic}
    uintx GCDrainStackTargetSize                   = 64                                        {product} {ergonomic}
   size_t InitialHeapSize                          = 67108864                                  {product} {command line}
   size_t MarkStackSize                            = 4194304                                   {product} {ergonomic}
   size_t MaxHeapSize                              = 67108864                                  {product} {command line}
   size_t MaxNewSize                               = 39845888                                  {product} {ergonomic}
   size_t MinHeapDeltaBytes                        = 1048576                                   {product} {ergonomic}
   size_t MinHeapSize                              = 67108864                                  {product} {command line}
    uintx NonNMethodCodeHeapSize                   = 5839372                                {pd product} {ergonomic}
    uintx NonProfiledCodeHeapSize                  = 122909434                              {pd product} {ergonomic}
    uintx ProfiledCodeHeapSize                     = 122909434                              {pd product} {ergonomic}
    uintx ReservedCodeCacheSize                    = 251658240                              {pd product} {ergonomic}
     bool SegmentedCodeCache                       = true                                      {product} {ergonomic}
   size_t SoftMaxHeapSize                          = 67108864                               {manageable} {ergonomic}
     bool UseCompressedClassPointers               = true                           {product lp64_product} {ergonomic}
     bool UseCompressedOops                        = true                           {product lp64_product} {ergonomic}
     bool UseG1GC                                  = true                                      {product} {ergonomic}
     bool UseLargePagesIndividualAllocation        = false                                  {pd product} {ergonomic}

Logging:
Log output configuration:
 #0: stdout all=warning uptime,level,tags
 #1: stderr all=off uptime,level,tags

Environment Variables:
JAVA_HOME=C:\Program Files\Eclipse Adoptium\jdk-17.0.15.6-hotspot
PATH=I:\ADMX3\app-lojista\node_modules\.bin;I:\ADMX3\app-lojista\node_modules\.bin;I:\ADMX3\node_modules\.bin;I:\node_modules\.bin;C:\Users\Adriano\AppData\Roaming\npm\node_modules\npm\node_modules\@npmcli\run-script\lib\node-gyp-bin;C:\Program Files\Eclipse Adoptium\jdk-17.0.15.6-hotspot\bin;C:\Program Files (x86)\Common Files\Intel\Shared Files\cpp\bin\Intel64;C:\WINDOWS\system32;C:\WINDOWS;C:\WINDOWS\System32\Wbem;C:\WINDOWS\System32\WindowsPowerShell\v1.0\;C:\WINDOWS\System32\OpenSSH\;C:\Program Files\Git\cmd;C:\ProgramData\NetTrace\node\;C:\Users\Public\xampp\mysql\bin;C:\Program Files (x86)\ZeroTier\One\;C:\Users\Adriano\AppData\Local\Android\Sdk\platform-tools;C:\Users\Adriano\AppData\Local\Android\Sdk\tools;C:\Program Files\Eclipse Adoptium\jdk-17.0.15.6-hotspot\bin;C:\Users\Adriano\AppData\Local\Android\Sdk\cmdline-tools\latest\bin;C:\Users\Adriano\AppData\Local\Android\Sdk\platform-tools;C:\Users\Adriano\AppData\Roaming\npm;I:\stripe;C:\Users\Adriano\AppData\Local\Programs\Python\Launcher\;C:\Users\Adriano\AppData\Local\Programs\Microsoft VS Code\bin
USERNAME=Adriano
OS=Windows_NT
PROCESSOR_IDENTIFIER=Intel64 Family 6 Model 158 Stepping 10, GenuineIntel
TMP=C:\Users\Adriano\AppData\Local\Temp
TEMP=C:\Users\Adriano\AppData\Local\Temp



Periodic native trim disabled


---------------  S Y S T E M  ---------------

OS:
 Windows 10 , 64 bit Build 19041 (10.0.19041.5915)
OS uptime: 0 days 0:48 hours

CPU: total 12 (initial active 12) (6 cores per cpu, 2 threads per core) family 6 model 158 stepping 10 microcode 0xb4, cx8, cmov, fxsr, ht, mmx, 3dnowpref, sse, sse2, sse3, ssse3, sse4.1, sse4.2, popcnt, lzcnt, tsc, tscinvbit, avx, avx2, aes, erms, clmul, bmi1, bmi2, rtm, adx, fma, vzeroupper, clflush, clflushopt
Processor Information for all 12 processors :
  Max Mhz: 3192, Current Mhz: 3192, Mhz Limit: 3192

Memory: 4k page, system-wide physical 16318M (174M free)
TotalPageFile size 24274M (AvailPageFile size 1M)
current process WorkingSet (physical memory assigned to process): 111M, peak: 115M
current process commit charge ("private bytes"): 177M, peak: 182M

vm_info: OpenJDK 64-Bit Server VM (17.0.15+6) for windows-amd64 JRE (17.0.15+6), built on Apr 15 2025 21:25:47 by "admin" with MS VC++ 17.7 (VS2022)

END.
